<?xml version="1.0" encoding="UTF-8"?>
<!-- Generated by org.testng.reporters.JUnitReportReporter -->
<testsuite skipped="0" hostname="ICT-2003278-AQA" name="testcases.TC002_Dashboard" tests="1" failures="0" timestamp="31 Jan 2023 11:17:17 GMT" time="27.720" errors="0">
  <testcase name="dashboard" time="27.720" classname="testcases.TC002_Dashboard"/>
</testsuite> <!-- testcases.TC002_Dashboard -->
