<?xml version="1.0" encoding="UTF-8"?>
<!-- Generated by org.testng.reporters.JUnitReportReporter -->
<testsuite hostname="ICT-2003278-AQA" name="testcases.TC005_Dashboard" tests="4" failures="0" timestamp="7 Apr 2023 10:49:12 GMT" time="202.364" errors="0">
  <testcase name="DashboardClickDoorLock" time="50.117" classname="testcases.TC005_Dashboard"/>
  <testcase name="DashboardClickRemoteClimateStartWithToggles" time="54.297" classname="testcases.TC005_Dashboard"/>
  <testcase name="DashboardLastRefreshExist" time="32.569" classname="testcases.TC005_Dashboard"/>
  <testcase name="DashboardClickDoorUnLock" time="65.381" classname="testcases.TC005_Dashboard"/>
</testsuite> <!-- testcases.TC005_Dashboard -->
