<?xml version="1.0" encoding="UTF-8"?>
<!-- Generated by org.testng.reporters.JUnitReportReporter -->
<testsuite hostname="ICT-2003278-AQA" name="testcases.TC002_Login" tests="5" failures="0" timestamp="7 Apr 2023 10:49:12 GMT" time="124.890" errors="0">
  <testcase name="verifyLoginIn" time="24.545" classname="testcases.TC002_Login"/>
  <testcase name="verifySignInIsDisplayed" time="16.887" classname="testcases.TC002_Login"/>
  <testcase name="verifyForgotPassword" time="19.216" classname="testcases.TC002_Login"/>
  <testcase name="verifyRememberMecheckbox" time="35.447" classname="testcases.TC002_Login"/>
  <testcase name="verifyLogout" time="28.795" classname="testcases.TC002_Login"/>
</testsuite> <!-- testcases.TC002_Login -->
