<?xml version="1.0" encoding="UTF-8"?>
<!-- Generated by org.testng.reporters.JUnitReportReporter -->
<testsuite hostname="H0114864H96635" failures="0" tests="1" name="testcases.TC001_1_CA_5440906" time="8.308" errors="0" timestamp="17 Mar 2023 23:18:35 GMT">
  <testcase classname="testcases.TC001_1_CA_5440906" name="createAccount" time="8.308"/>
</testsuite> <!-- testcases.TC001_1_CA_5440906 -->
