<?xml version="1.0" encoding="UTF-8"?>
<!-- Generated by org.testng.reporters.JUnitReportReporter -->
<testsuite hostname="ICT-2003278-AQA" name="testcases.TC001_CreateAccount" tests="3" failures="0" timestamp="7 Apr 2023 10:49:12 GMT" time="79.728" errors="0">
  <testcase name="verifyCreateAccount" time="17.869" classname="testcases.TC001_CreateAccount"/>
  <testcase name="clickPrivacyPolicyLink" time="30.423" classname="testcases.TC001_CreateAccount"/>
  <testcase name="clickTermsOfServiceLink" time="31.436" classname="testcases.TC001_CreateAccount"/>
</testsuite> <!-- testcases.TC001_CreateAccount -->
