<?xml version="1.0" encoding="UTF-8"?>
<!-- Generated by org.testng.reporters.JUnitReportReporter -->
<testsuite hostname="H0114864H96635" failures="0" tests="2" name="testcases.TC001_CA" time="16.933" errors="0" timestamp="16 Mar 2023 02:42:00 GMT">
  <testcase classname="testcases.TC001_CA" name="CA_5440910" time="10.411"/>
  <testcase classname="testcases.TC001_CA" name="CA_5440906" time="6.522"/>
</testsuite> <!-- testcases.TC001_CA -->
