<?xml version="1.0" encoding="UTF-8"?>
<!-- Generated by org.testng.reporters.JUnitReportReporter -->
<testsuite skipped="0" hostname="ICT-2003278-AQA" name="testcases.TC001_Login" tests="1" failures="0" timestamp="03 Feb 2023 06:13:33 GMT" time="35.155" errors="0">
  <testcase name="login" time="35.155" classname="testcases.TC001_Login"/>
</testsuite> <!-- testcases.TC001_Login -->
