<?xml version="1.0" encoding="UTF-8"?>
<!-- Generated by org.testng.reporters.JUnitReportReporter -->
<testsuite hostname="ICT-2003278-AQA" name="testcases.TC011_MyCarZone" tests="2" failures="1" timestamp="7 Apr 2023 10:49:12 GMT" time="39.808" errors="0">
  <testcase name="geoFenceAlert" time="39.807" classname="testcases.TC011_MyCarZone"/>
  <testcase name="geoFenceAlert" time="0.001" classname="testcases.TC011_MyCarZone">
    <failure type="java.lang.StackOverflowError">
      <![CDATA[java.lang.StackOverflowError
	at java.util.regex.Pattern$GroupHead.match(Unknown Source)
	at java.util.regex.Pattern$Branch.match(Unknown Source)
	at java.util.regex.Pattern$Branch.match(Unknown Source)
	at java.util.regex.Pattern$Branch.match(Unknown Source)
	at java.util.regex.Pattern$BranchConn.match(Unknown Source)
	at java.util.regex.Pattern$GroupTail.match(Unknown Source)
	at java.util.regex.Pattern$Curly.match0(Unknown Source)
	at java.util.regex.Pattern$Curly.match(Unknown Source)
	at java.util.regex.Pattern$GroupHead.match(Unknown Source)
	at java.util.regex.Pattern$Branch.match(Unknown Source)
	at java.util.regex.Pattern$Branch.match(Unknown Source)
	at java.util.regex.Pattern$BmpCharProperty.match(Unknown Source)
	at java.util.regex.Pattern$Start.match(Unknown Source)
	at java.util.regex.Matcher.search(Unknown Source)
	at java.util.regex.Matcher.find(Unknown Source)
	at java.util.Formatter.parse(Unknown Source)
	at java.util.Formatter.format(Unknown Source)
	at java.util.Formatter.format(Unknown Source)
	at java.lang.String.format(Unknown Source)
	at org.openqa.selenium.remote.RemoteWebDriver.execute(RemoteWebDriver.java:583)
	at org.openqa.selenium.remote.RemoteWebDriver.execute(RemoteWebDriver.java:643)
	at org.openqa.selenium.remote.RemoteWebDriver.getScreenshotAs(RemoteWebDriver.java:328)
	at wrappers.GenericWrappers.takeSnap(GenericWrappers.java:785)
	at utils.Reporter.reportStep(Reporter.java:23)
	at utils.Reporter.reportStep(Reporter.java:46)
	at wrappers.GenericWrappers.takeSnap(GenericWrappers.java:787)
	at utils.Reporter.reportStep(Reporter.java:23)
	at utils.Reporter.reportStep(Reporter.java:46)
	at wrappers.GenericWrappers.takeSnap(GenericWrappers.java:787)
	at utils.Reporter.reportStep(Reporter.java:23)
	at utils.Reporter.reportStep(Reporter.java:46)
	at wrappers.GenericWrappers.takeSnap(GenericWrappers.java:787)
	at utils.Reporter.reportStep(Reporter.java:23)
	at utils.Reporter.reportStep(Reporter.java:46)
	at wrappers.GenericWrappers.takeSnap(GenericWrappers.java:787)
	at utils.Reporter.reportStep(Reporter.java:23)
	at utils.Reporter.reportStep(Reporter.java:46)
	at wrappers.GenericWrappers.takeSnap(GenericWrappers.java:787)
	at utils.Reporter.reportStep(Reporter.java:23)
	at utils.Reporter.reportStep(Reporter.java:46)
	at wrappers.GenericWrappers.takeSnap(GenericWrappers.java:787)
	at utils.Reporter.reportStep(Reporter.java:23)
	at utils.Reporter.reportStep(Reporter.java:46)
	at wrappers.GenericWrappers.takeSnap(GenericWrappers.java:787)
	at utils.Reporter.reportStep(Reporter.java:23)
	at utils.Reporter.reportStep(Reporter.java:46)
	at wrappers.GenericWrappers.takeSnap(GenericWrappers.java:787)
	at utils.Reporter.reportStep(Reporter.java:23)
	at utils.Reporter.reportStep(Reporter.java:46)
	at wrappers.GenericWrappers.takeSnap(GenericWrappers.java:787)
	at utils.Reporter.reportStep(Reporter.java:23)
	at utils.Reporter.reportStep(Reporter.java:46)
	at wrappers.GenericWrappers.takeSnap(GenericWrappers.java:787)
	at utils.Reporter.reportStep(Reporter.java:23)
	at utils.Reporter.reportStep(Reporter.java:46)
	at wrappers.GenericWrappers.takeSnap(GenericWrappers.java:787)
	at utils.Reporter.reportStep(Reporter.java:23)
	at utils.Reporter.reportStep(Reporter.java:46)
	at wrappers.GenericWrappers.takeSnap(GenericWrappers.java:787)
	at utils.Reporter.reportStep(Reporter.java:23)
	at utils.Reporter.reportStep(Reporter.java:46)
	at wrappers.GenericWrappers.takeSnap(GenericWrappers.java:787)
	at utils.Reporter.reportStep(Reporter.java:23)
	at utils.Reporter.reportStep(Reporter.java:46)
	at wrappers.GenericWrappers.takeSnap(GenericWrappers.java:787)
	at utils.Reporter.reportStep(Reporter.java:23)
	at utils.Reporter.reportStep(Reporter.java:46)
	at wrappers.GenericWrappers.takeSnap(GenericWrappers.java:787)
	at utils.Reporter.reportStep(Reporter.java:23)
	at utils.Reporter.reportStep(Reporter.java:46)
	at wrappers.GenericWrappers.takeSnap(GenericWrappers.java:787)
	at utils.Reporter.reportStep(Reporter.java:23)
	at utils.Reporter.reportStep(Reporter.java:46)
	at wrappers.GenericWrappers.takeSnap(GenericWrappers.java:787)
	at utils.Reporter.reportStep(Reporter.java:23)
	at utils.Reporter.reportStep(Reporter.java:46)
	at wrappers.GenericWrappers.takeSnap(GenericWrappers.java:787)
	at utils.Reporter.reportStep(Reporter.java:23)
	at utils.Reporter.reportStep(Reporter.java:46)
	at wrappers.GenericWrappers.takeSnap(GenericWrappers.java:787)
	at utils.Reporter.reportStep(Reporter.java:23)
	at utils.Reporter.reportStep(Reporter.java:46)
	at wrappers.GenericWrappers.takeSnap(GenericWrappers.java:787)
	at utils.Reporter.reportStep(Reporter.java:23)
	at utils.Reporter.reportStep(Reporter.java:46)
	at wrappers.GenericWrappers.takeSnap(GenericWrappers.java:787)
	at utils.Reporter.reportStep(Reporter.java:23)
	at utils.Reporter.reportStep(Reporter.java:46)
	at wrappers.GenericWrappers.takeSnap(GenericWrappers.java:787)
	at utils.Reporter.reportStep(Reporter.java:23)
	at utils.Reporter.reportStep(Reporter.java:46)
	at wrappers.GenericWrappers.takeSnap(GenericWrappers.java:787)
	at utils.Reporter.reportStep(Reporter.java:23)
	at utils.Reporter.reportStep(Reporter.java:46)
	at wrappers.GenericWrappers.takeSnap(GenericWrappers.java:787)
	at utils.Reporter.reportStep(Reporter.java:23)
	at utils.Reporter.reportStep(Reporter.java:46)
	at wrappers.GenericWrappers.takeSnap(GenericWrappers.java:787)
	at utils.Reporter.reportStep(Reporter.java:23)
	at utils.Reporter.reportStep(Reporter.java:46)
	at wrappers.GenericWrappers.takeSnap(GenericWrappers.java:787)
	at utils.Reporter.reportStep(Reporter.java:23)
	at utils.Reporter.reportStep(Reporter.java:46)
	at wrappers.GenericWrappers.takeSnap(GenericWrappers.java:787)
	at utils.Reporter.reportStep(Reporter.java:23)
	at utils.Reporter.reportStep(Reporter.java:46)
	at wrappers.GenericWrappers.takeSnap(GenericWrappers.java:787)
	at utils.Reporter.reportStep(Reporter.java:23)
	at utils.Reporter.reportStep(Reporter.java:46)
	at wrappers.GenericWrappers.takeSnap(GenericWrappers.java:787)
	at utils.Reporter.reportStep(Reporter.java:23)
	at utils.Reporter.reportStep(Reporter.java:46)
	at wrappers.GenericWrappers.takeSnap(GenericWrappers.java:787)
	at utils.Reporter.reportStep(Reporter.java:23)
	at utils.Reporter.reportStep(Reporter.java:46)
	at wrappers.GenericWrappers.takeSnap(GenericWrappers.java:787)
	at utils.Reporter.reportStep(Reporter.java:23)
	at utils.Reporter.reportStep(Reporter.java:46)
	at wrappers.GenericWrappers.takeSnap(GenericWrappers.java:787)
	at utils.Reporter.reportStep(Reporter.java:23)
	at utils.Reporter.reportStep(Reporter.java:46)
	at wrappers.GenericWrappers.takeSnap(GenericWrappers.java:787)
	at utils.Reporter.reportStep(Reporter.java:23)
	at utils.Reporter.reportStep(Reporter.java:46)
	at wrappers.GenericWrappers.takeSnap(GenericWrappers.java:787)
	at utils.Reporter.reportStep(Reporter.java:23)
	at utils.Reporter.reportStep(Reporter.java:46)
	at wrappers.GenericWrappers.takeSnap(GenericWrappers.java:787)
	at utils.Reporter.reportStep(Reporter.java:23)
	at utils.Reporter.reportStep(Reporter.java:46)
	at wrappers.GenericWrappers.takeSnap(GenericWrappers.java:787)
	at utils.Reporter.reportStep(Reporter.java:23)
	at utils.Reporter.reportStep(Reporter.java:46)
	at wrappers.GenericWrappers.takeSnap(GenericWrappers.java:787)
	at utils.Reporter.reportStep(Reporter.java:23)
	at utils.Reporter.reportStep(Reporter.java:46)
	at wrappers.GenericWrappers.takeSnap(GenericWrappers.java:787)
	at utils.Reporter.reportStep(Reporter.java:23)
	at utils.Reporter.reportStep(Reporter.java:46)
	at wrappers.GenericWrappers.takeSnap(GenericWrappers.java:787)
	at utils.Reporter.reportStep(Reporter.java:23)
	at utils.Reporter.reportStep(Reporter.java:46)
	at wrappers.GenericWrappers.takeSnap(GenericWrappers.java:787)
	at utils.Reporter.reportStep(Reporter.java:23)
	at utils.Reporter.reportStep(Reporter.java:46)
	at wrappers.GenericWrappers.takeSnap(GenericWrappers.java:787)
	at utils.Reporter.reportStep(Reporter.java:23)
	at utils.Reporter.reportStep(Reporter.java:46)
	at wrappers.GenericWrappers.takeSnap(GenericWrappers.java:787)
	at utils.Reporter.reportStep(Reporter.java:23)
	at utils.Reporter.reportStep(Reporter.java:46)
	at wrappers.GenericWrappers.takeSnap(GenericWrappers.java:787)
	at utils.Reporter.reportStep(Reporter.java:23)
	at utils.Reporter.reportStep(Reporter.java:46)
	at wrappers.GenericWrappers.takeSnap(GenericWrappers.java:787)
	at utils.Reporter.reportStep(Reporter.java:23)
	at utils.Reporter.reportStep(Reporter.java:46)
	at wrappers.GenericWrappers.takeSnap(GenericWrappers.java:787)
	at utils.Reporter.reportStep(Reporter.java:23)
	at utils.Reporter.reportStep(Reporter.java:46)
	at wrappers.GenericWrappers.takeSnap(GenericWrappers.java:787)
	at utils.Reporter.reportStep(Reporter.java:23)
	at utils.Reporter.reportStep(Reporter.java:46)
	at wrappers.GenericWrappers.takeSnap(GenericWrappers.java:787)
	at utils.Reporter.reportStep(Reporter.java:23)
	at utils.Reporter.reportStep(Reporter.java:46)
	at wrappers.GenericWrappers.takeSnap(GenericWrappers.java:787)
	at utils.Reporter.reportStep(Reporter.java:23)
	at utils.Reporter.reportStep(Reporter.java:46)
	at wrappers.GenericWrappers.takeSnap(GenericWrappers.java:787)
	at utils.Reporter.reportStep(Reporter.java:23)
	at utils.Reporter.reportStep(Reporter.java:46)
	at wrappers.GenericWrappers.takeSnap(GenericWrappers.java:787)
	at utils.Reporter.reportStep(Reporter.java:23)
	at utils.Reporter.reportStep(Reporter.java:46)
	at wrappers.GenericWrappers.takeSnap(GenericWrappers.java:787)
	at utils.Reporter.reportStep(Reporter.java:23)
	at utils.Reporter.reportStep(Reporter.java:46)
	at wrappers.GenericWrappers.takeSnap(GenericWrappers.java:787)
	at utils.Reporter.reportStep(Reporter.java:23)
	at utils.Reporter.reportStep(Reporter.java:46)
	at wrappers.GenericWrappers.takeSnap(GenericWrappers.java:787)
	at utils.Reporter.reportStep(Reporter.java:23)
	at utils.Reporter.reportStep(Reporter.java:46)
	at wrappers.GenericWrappers.takeSnap(GenericWrappers.java:787)
	at utils.Reporter.reportStep(Reporter.java:23)
	at utils.Reporter.reportStep(Reporter.java:46)
	at wrappers.GenericWrappers.takeSnap(GenericWrappers.java:787)
	at utils.Reporter.reportStep(Reporter.java:23)
	at utils.Reporter.reportStep(Reporter.java:46)
	at wrappers.GenericWrappers.takeSnap(GenericWrappers.java:787)
	at utils.Reporter.reportStep(Reporter.java:23)
	at utils.Reporter.reportStep(Reporter.java:46)
	at wrappers.GenericWrappers.takeSnap(GenericWrappers.java:787)
	at utils.Reporter.reportStep(Reporter.java:23)
	at utils.Reporter.reportStep(Reporter.java:46)
	at wrappers.GenericWrappers.takeSnap(GenericWrappers.java:787)
	at utils.Reporter.reportStep(Reporter.java:23)
	at utils.Reporter.reportStep(Reporter.java:46)
	at wrappers.GenericWrappers.takeSnap(GenericWrappers.java:787)
	at utils.Reporter.reportStep(Reporter.java:23)
	at utils.Reporter.reportStep(Reporter.java:46)
	at wrappers.GenericWrappers.takeSnap(GenericWrappers.java:787)
	at utils.Reporter.reportStep(Reporter.java:23)
	at utils.Reporter.reportStep(Reporter.java:46)
	at wrappers.GenericWrappers.takeSnap(GenericWrappers.java:787)
	at utils.Reporter.reportStep(Reporter.java:23)
	at utils.Reporter.reportStep(Reporter.java:46)
	at wrappers.GenericWrappers.takeSnap(GenericWrappers.java:787)
	at utils.Reporter.reportStep(Reporter.java:23)
	at utils.Reporter.reportStep(Reporter.java:46)
	at wrappers.GenericWrappers.takeSnap(GenericWrappers.java:787)
	at utils.Reporter.reportStep(Reporter.java:23)
	at utils.Reporter.reportStep(Reporter.java:46)
	at wrappers.GenericWrappers.takeSnap(GenericWrappers.java:787)
	at utils.Reporter.reportStep(Reporter.java:23)
	at utils.Reporter.reportStep(Reporter.java:46)
	at wrappers.GenericWrappers.takeSnap(GenericWrappers.java:787)
	at utils.Reporter.reportStep(Reporter.java:23)
	at utils.Reporter.reportStep(Reporter.java:46)
	at wrappers.GenericWrappers.takeSnap(GenericWrappers.java:787)
	at utils.Reporter.reportStep(Reporter.java:23)
	at utils.Reporter.reportStep(Reporter.java:46)
	at wrappers.GenericWrappers.takeSnap(GenericWrappers.java:787)
	at utils.Reporter.reportStep(Reporter.java:23)
	at utils.Reporter.reportStep(Reporter.java:46)
	at wrappers.GenericWrappers.takeSnap(GenericWrappers.java:787)
	at utils.Reporter.reportStep(Reporter.java:23)
	at utils.Reporter.reportStep(Reporter.java:46)
	at wrappers.GenericWrappers.takeSnap(GenericWrappers.java:787)
	at utils.Reporter.reportStep(Reporter.java:23)
	at utils.Reporter.reportStep(Reporter.java:46)
	at wrappers.GenericWrappers.takeSnap(GenericWrappers.java:787)
	at utils.Reporter.reportStep(Reporter.java:23)
	at utils.Reporter.reportStep(Reporter.java:46)
	at wrappers.GenericWrappers.takeSnap(GenericWrappers.java:787)
	at utils.Reporter.reportStep(Reporter.java:23)
	at utils.Reporter.reportStep(Reporter.java:46)
	at wrappers.GenericWrappers.takeSnap(GenericWrappers.java:787)
	at utils.Reporter.reportStep(Reporter.java:23)
	at utils.Reporter.reportStep(Reporter.java:46)
	at wrappers.GenericWrappers.takeSnap(GenericWrappers.java:787)
	at utils.Reporter.reportStep(Reporter.java:23)
	at utils.Reporter.reportStep(Reporter.java:46)
	at wrappers.GenericWrappers.takeSnap(GenericWrappers.java:787)
	at utils.Reporter.reportStep(Reporter.java:23)
	at utils.Reporter.reportStep(Reporter.java:46)
	at wrappers.GenericWrappers.takeSnap(GenericWrappers.java:787)
	at utils.Reporter.reportStep(Reporter.java:23)
	at utils.Reporter.reportStep(Reporter.java:46)
	at wrappers.GenericWrappers.takeSnap(GenericWrappers.java:787)
	at utils.Reporter.reportStep(Reporter.java:23)
	at utils.Reporter.reportStep(Reporter.java:46)
	at wrappers.GenericWrappers.takeSnap(GenericWrappers.java:787)
	at utils.Reporter.reportStep(Reporter.java:23)
	at utils.Reporter.reportStep(Reporter.java:46)
	at wrappers.GenericWrappers.takeSnap(GenericWrappers.java:787)
	at utils.Reporter.reportStep(Reporter.java:23)
	at utils.Reporter.reportStep(Reporter.java:46)
	at wrappers.GenericWrappers.takeSnap(GenericWrappers.java:787)
	at utils.Reporter.reportStep(Reporter.java:23)
	at utils.Reporter.reportStep(Reporter.java:46)
	at wrappers.GenericWrappers.takeSnap(GenericWrappers.java:787)
	at utils.Reporter.reportStep(Reporter.java:23)
	at utils.Reporter.reportStep(Reporter.java:46)
	at wrappers.GenericWrappers.takeSnap(GenericWrappers.java:787)
	at utils.Reporter.reportStep(Reporter.java:23)
	at utils.Reporter.reportStep(Reporter.java:46)
	at wrappers.GenericWrappers.takeSnap(GenericWrappers.java:787)
	at utils.Reporter.reportStep(Reporter.java:23)
	at utils.Reporter.reportStep(Reporter.java:46)
	at wrappers.GenericWrappers.takeSnap(GenericWrappers.java:787)
	at utils.Reporter.reportStep(Reporter.java:23)
	at utils.Reporter.reportStep(Reporter.java:46)
	at wrappers.GenericWrappers.takeSnap(GenericWrappers.java:787)
	at utils.Reporter.reportStep(Reporter.java:23)
	at utils.Reporter.reportStep(Reporter.java:46)
	at wrappers.GenericWrappers.takeSnap(GenericWrappers.java:787)
	at utils.Reporter.reportStep(Reporter.java:23)
	at utils.Reporter.reportStep(Reporter.java:46)
	at wrappers.GenericWrappers.takeSnap(GenericWrappers.java:787)
	at utils.Reporter.reportStep(Reporter.java:23)
	at utils.Reporter.reportStep(Reporter.java:46)
	at wrappers.GenericWrappers.takeSnap(GenericWrappers.java:787)
	at utils.Reporter.reportStep(Reporter.java:23)
	at utils.Reporter.reportStep(Reporter.java:46)
	at wrappers.GenericWrappers.takeSnap(GenericWrappers.java:787)
	at utils.Reporter.reportStep(Reporter.java:23)
	at utils.Reporter.reportStep(Reporter.java:46)
	at wrappers.GenericWrappers.takeSnap(GenericWrappers.java:787)
	at utils.Reporter.reportStep(Reporter.java:23)
	at utils.Reporter.reportStep(Reporter.java:46)
	at wrappers.GenericWrappers.takeSnap(GenericWrappers.java:787)
	at utils.Reporter.reportStep(Reporter.java:23)
	at utils.Reporter.reportStep(Reporter.java:46)
	at wrappers.GenericWrappers.takeSnap(GenericWrappers.java:787)
	at utils.Reporter.reportStep(Reporter.java:23)
	at utils.Reporter.reportStep(Reporter.java:46)
	at wrappers.GenericWrappers.takeSnap(GenericWrappers.java:787)
	at utils.Reporter.reportStep(Reporter.java:23)
	at utils.Reporter.reportStep(Reporter.java:46)
	at wrappers.GenericWrappers.takeSnap(GenericWrappers.java:787)
	at utils.Reporter.reportStep(Reporter.java:23)
	at utils.Reporter.reportStep(Reporter.java:46)
	at wrappers.GenericWrappers.takeSnap(GenericWrappers.java:787)
	at utils.Reporter.reportStep(Reporter.java:23)
	at utils.Reporter.reportStep(Reporter.java:46)
	at wrappers.GenericWrappers.takeSnap(GenericWrappers.java:787)
	at utils.Reporter.reportStep(Reporter.java:23)
	at utils.Reporter.reportStep(Reporter.java:46)
	at wrappers.GenericWrappers.takeSnap(GenericWrappers.java:787)
	at utils.Reporter.reportStep(Reporter.java:23)
	at utils.Reporter.reportStep(Reporter.java:46)
	at wrappers.GenericWrappers.takeSnap(GenericWrappers.java:787)
	at utils.Reporter.reportStep(Reporter.java:23)
	at utils.Reporter.reportStep(Reporter.java:46)
	at wrappers.GenericWrappers.takeSnap(GenericWrappers.java:787)
	at utils.Reporter.reportStep(Reporter.java:23)
	at utils.Reporter.reportStep(Reporter.java:46)
	at wrappers.GenericWrappers.takeSnap(GenericWrappers.java:787)
	at utils.Reporter.reportStep(Reporter.java:23)
	at utils.Reporter.reportStep(Reporter.java:46)
	at wrappers.GenericWrappers.takeSnap(GenericWrappers.java:787)
	at utils.Reporter.reportStep(Reporter.java:23)
	at utils.Reporter.reportStep(Reporter.java:46)
	at wrappers.GenericWrappers.takeSnap(GenericWrappers.java:787)
	at utils.Reporter.reportStep(Reporter.java:23)
	at utils.Reporter.reportStep(Reporter.java:46)
	at wrappers.GenericWrappers.takeSnap(GenericWrappers.java:787)
	at utils.Reporter.reportStep(Reporter.java:23)
	at utils.Reporter.reportStep(Reporter.java:46)
	at wrappers.GenericWrappers.takeSnap(GenericWrappers.java:787)
	at utils.Reporter.reportStep(Reporter.java:23)
	at utils.Reporter.reportStep(Reporter.java:46)
	at wrappers.GenericWrappers.takeSnap(GenericWrappers.java:787)
	at utils.Reporter.reportStep(Reporter.java:23)
	at utils.Reporter.reportStep(Reporter.java:46)
	at wrappers.GenericWrappers.takeSnap(GenericWrappers.java:787)
	at utils.Reporter.reportStep(Reporter.java:23)
	at utils.Reporter.reportStep(Reporter.java:46)
	at wrappers.GenericWrappers.takeSnap(GenericWrappers.java:787)
	at utils.Reporter.reportStep(Reporter.java:23)
	at utils.Reporter.reportStep(Reporter.java:46)
	at wrappers.GenericWrappers.takeSnap(GenericWrappers.java:787)
	at utils.Reporter.reportStep(Reporter.java:23)
	at utils.Reporter.reportStep(Reporter.java:46)
	at wrappers.GenericWrappers.takeSnap(GenericWrappers.java:787)
	at utils.Reporter.reportStep(Reporter.java:23)
	at utils.Reporter.reportStep(Reporter.java:46)
	at wrappers.GenericWrappers.takeSnap(GenericWrappers.java:787)
	at utils.Reporter.reportStep(Reporter.java:23)
	at utils.Reporter.reportStep(Reporter.java:46)
	at wrappers.GenericWrappers.takeSnap(GenericWrappers.java:787)
	at utils.Reporter.reportStep(Reporter.java:23)
	at utils.Reporter.reportStep(Reporter.java:46)
	at wrappers.GenericWrappers.takeSnap(GenericWrappers.java:787)
	at utils.Reporter.reportStep(Reporter.java:23)
	at utils.Reporter.reportStep(Reporter.java:46)
	at wrappers.GenericWrappers.takeSnap(GenericWrappers.java:787)
	at utils.Reporter.reportStep(Reporter.java:23)
	at utils.Reporter.reportStep(Reporter.java:46)
	at wrappers.GenericWrappers.takeSnap(GenericWrappers.java:787)
	at utils.Reporter.reportStep(Reporter.java:23)
	at utils.Reporter.reportStep(Reporter.java:46)
	at wrappers.GenericWrappers.takeSnap(GenericWrappers.java:787)
	at utils.Reporter.reportStep(Reporter.java:23)
	at utils.Reporter.reportStep(Reporter.java:46)
	at wrappers.GenericWrappers.takeSnap(GenericWrappers.java:787)
	at utils.Reporter.reportStep(Reporter.java:23)
	at utils.Reporter.reportStep(Reporter.java:46)
	at wrappers.GenericWrappers.takeSnap(GenericWrappers.java:787)
	at utils.Reporter.reportStep(Reporter.java:23)
	at utils.Reporter.reportStep(Reporter.java:46)
	at wrappers.GenericWrappers.takeSnap(GenericWrappers.java:787)
	at utils.Reporter.reportStep(Reporter.java:23)
	at utils.Reporter.reportStep(Reporter.java:46)
	at wrappers.GenericWrappers.takeSnap(GenericWrappers.java:787)
	at utils.Reporter.reportStep(Reporter.java:23)
	at utils.Reporter.reportStep(Reporter.java:46)
	at wrappers.GenericWrappers.takeSnap(GenericWrappers.java:787)
	at utils.Reporter.reportStep(Reporter.java:23)
	at utils.Reporter.reportStep(Reporter.java:46)
	at wrappers.GenericWrappers.takeSnap(GenericWrappers.java:787)
	at utils.Reporter.reportStep(Reporter.java:23)
	at utils.Reporter.reportStep(Reporter.java:46)
	at wrappers.GenericWrappers.takeSnap(GenericWrappers.java:787)
	at utils.Reporter.reportStep(Reporter.java:23)
	at utils.Reporter.reportStep(Reporter.java:46)
	at wrappers.GenericWrappers.takeSnap(GenericWrappers.java:787)
	at utils.Reporter.reportStep(Reporter.java:23)
	at utils.Reporter.reportStep(Reporter.java:46)
	at wrappers.GenericWrappers.takeSnap(GenericWrappers.java:787)
	at utils.Reporter.reportStep(Reporter.java:23)
	at utils.Reporter.reportStep(Reporter.java:46)
	at wrappers.GenericWrappers.takeSnap(GenericWrappers.java:787)
	at utils.Reporter.reportStep(Reporter.java:23)
	at utils.Reporter.reportStep(Reporter.java:46)
	at wrappers.GenericWrappers.takeSnap(GenericWrappers.java:787)
	at utils.Reporter.reportStep(Reporter.java:23)
	at utils.Reporter.reportStep(Reporter.java:46)
	at wrappers.GenericWrappers.takeSnap(GenericWrappers.java:787)
	at utils.Reporter.reportStep(Reporter.java:23)
	at utils.Reporter.reportStep(Reporter.java:46)
	at wrappers.GenericWrappers.takeSnap(GenericWrappers.java:787)
	at utils.Reporter.reportStep(Reporter.java:23)
	at utils.Reporter.reportStep(Reporter.java:46)
	at wrappers.GenericWrappers.takeSnap(GenericWrappers.java:787)
	at utils.Reporter.reportStep(Reporter.java:23)
	at utils.Reporter.reportStep(Reporter.java:46)
	at wrappers.GenericWrappers.takeSnap(GenericWrappers.java:787)
	at utils.Reporter.reportStep(Reporter.java:23)
	at utils.Reporter.reportStep(Reporter.java:46)
	at wrappers.GenericWrappers.takeSnap(GenericWrappers.java:787)
	at utils.Reporter.reportStep(Reporter.java:23)
	at utils.Reporter.reportStep(Reporter.java:46)
	at wrappers.GenericWrappers.takeSnap(GenericWrappers.java:787)
	at utils.Reporter.reportStep(Reporter.java:23)
	at utils.Reporter.reportStep(Reporter.java:46)
	at wrappers.GenericWrappers.takeSnap(GenericWrappers.java:787)
	at utils.Reporter.reportStep(Reporter.java:23)
	at utils.Reporter.reportStep(Reporter.java:46)
	at wrappers.GenericWrappers.takeSnap(GenericWrappers.java:787)
	at utils.Reporter.reportStep(Reporter.java:23)
	at utils.Reporter.reportStep(Reporter.java:46)
	at wrappers.GenericWrappers.takeSnap(GenericWrappers.java:787)
	at utils.Reporter.reportStep(Reporter.java:23)
	at utils.Reporter.reportStep(Reporter.java:46)
	at wrappers.GenericWrappers.takeSnap(GenericWrappers.java:787)
	at utils.Reporter.reportStep(Reporter.java:23)
	at utils.Reporter.reportStep(Reporter.java:46)
	at wrappers.GenericWrappers.takeSnap(GenericWrappers.java:787)
	at utils.Reporter.reportStep(Reporter.java:23)
	at utils.Reporter.reportStep(Reporter.java:46)
	at wrappers.GenericWrappers.takeSnap(GenericWrappers.java:787)
	at utils.Reporter.reportStep(Reporter.java:23)
	at utils.Reporter.reportStep(Reporter.java:46)
	at wrappers.GenericWrappers.takeSnap(GenericWrappers.java:787)
	at utils.Reporter.reportStep(Reporter.java:23)
	at utils.Reporter.reportStep(Reporter.java:46)
	at wrappers.GenericWrappers.takeSnap(GenericWrappers.java:787)
	at utils.Reporter.reportStep(Reporter.java:23)
	at utils.Reporter.reportStep(Reporter.java:46)
	at wrappers.GenericWrappers.takeSnap(GenericWrappers.java:787)
	at utils.Reporter.reportStep(Reporter.java:23)
	at utils.Reporter.reportStep(Reporter.java:46)
	at wrappers.GenericWrappers.takeSnap(GenericWrappers.java:787)
	at utils.Reporter.reportStep(Reporter.java:23)
	at utils.Reporter.reportStep(Reporter.java:46)
	at wrappers.GenericWrappers.takeSnap(GenericWrappers.java:787)
	at utils.Reporter.reportStep(Reporter.java:23)
	at utils.Reporter.reportStep(Reporter.java:46)
	at wrappers.GenericWrappers.takeSnap(GenericWrappers.java:787)
	at utils.Reporter.reportStep(Reporter.java:23)
	at utils.Reporter.reportStep(Reporter.java:46)
	at wrappers.GenericWrappers.takeSnap(GenericWrappers.java:787)
	at utils.Reporter.reportStep(Reporter.java:23)
	at utils.Reporter.reportStep(Reporter.java:46)
	at wrappers.GenericWrappers.takeSnap(GenericWrappers.java:787)
	at utils.Reporter.reportStep(Reporter.java:23)
	at utils.Reporter.reportStep(Reporter.java:46)
	at wrappers.GenericWrappers.takeSnap(GenericWrappers.java:787)
	at utils.Reporter.reportStep(Reporter.java:23)
	at utils.Reporter.reportStep(Reporter.java:46)
	at wrappers.GenericWrappers.takeSnap(GenericWrappers.java:787)
	at utils.Reporter.reportStep(Reporter.java:23)
	at utils.Reporter.reportStep(Reporter.java:46)
	at wrappers.GenericWrappers.takeSnap(GenericWrappers.java:787)
	at utils.Reporter.reportStep(Reporter.java:23)
	at utils.Reporter.reportStep(Reporter.java:46)
	at wrappers.GenericWrappers.takeSnap(GenericWrappers.java:787)
	at utils.Reporter.reportStep(Reporter.java:23)
	at utils.Reporter.reportStep(Reporter.java:46)
	at wrappers.GenericWrappers.takeSnap(GenericWrappers.java:787)
	at utils.Reporter.reportStep(Reporter.java:23)
	at utils.Reporter.reportStep(Reporter.java:46)
	at wrappers.GenericWrappers.takeSnap(GenericWrappers.java:787)
	at utils.Reporter.reportStep(Reporter.java:23)
	at utils.Reporter.reportStep(Reporter.java:46)
	at wrappers.GenericWrappers.takeSnap(GenericWrappers.java:787)
	at utils.Reporter.reportStep(Reporter.java:23)
	at utils.Reporter.reportStep(Reporter.java:46)
	at wrappers.GenericWrappers.takeSnap(GenericWrappers.java:787)
	at utils.Reporter.reportStep(Reporter.java:23)
	at utils.Reporter.reportStep(Reporter.java:46)
	at wrappers.GenericWrappers.takeSnap(GenericWrappers.java:787)
	at utils.Reporter.reportStep(Reporter.java:23)
	at utils.Reporter.reportStep(Reporter.java:46)
	at wrappers.GenericWrappers.takeSnap(GenericWrappers.java:787)
	at utils.Reporter.reportStep(Reporter.java:23)
	at utils.Reporter.reportStep(Reporter.java:46)
	at wrappers.GenericWrappers.takeSnap(GenericWrappers.java:787)
	at utils.Reporter.reportStep(Reporter.java:23)
	at utils.Reporter.reportStep(Reporter.java:46)
	at wrappers.GenericWrappers.takeSnap(GenericWrappers.java:787)
	at utils.Reporter.reportStep(Reporter.java:23)
	at utils.Reporter.reportStep(Reporter.java:46)
	at wrappers.GenericWrappers.takeSnap(GenericWrappers.java:787)
	at utils.Reporter.reportStep(Reporter.java:23)
	at utils.Reporter.reportStep(Reporter.java:46)
	at wrappers.GenericWrappers.takeSnap(GenericWrappers.java:787)
	at utils.Reporter.reportStep(Reporter.java:23)
	at utils.Reporter.reportStep(Reporter.java:46)
	at wrappers.GenericWrappers.takeSnap(GenericWrappers.java:787)
	at utils.Reporter.reportStep(Reporter.java:23)
	at utils.Reporter.reportStep(Reporter.java:46)
	at wrappers.GenericWrappers.takeSnap(GenericWrappers.java:787)
	at utils.Reporter.reportStep(Reporter.java:23)
	at utils.Reporter.reportStep(Reporter.java:46)
	at wrappers.GenericWrappers.takeSnap(GenericWrappers.java:787)
	at utils.Reporter.reportStep(Reporter.java:23)
	at utils.Reporter.reportStep(Reporter.java:46)
	at wrappers.GenericWrappers.takeSnap(GenericWrappers.java:787)
	at utils.Reporter.reportStep(Reporter.java:23)
	at utils.Reporter.reportStep(Reporter.java:46)
	at wrappers.GenericWrappers.takeSnap(GenericWrappers.java:787)
	at utils.Reporter.reportStep(Reporter.java:23)
	at utils.Reporter.reportStep(Reporter.java:46)
	at wrappers.GenericWrappers.takeSnap(GenericWrappers.java:787)
	at utils.Reporter.reportStep(Reporter.java:23)
	at utils.Reporter.reportStep(Reporter.java:46)
	at wrappers.GenericWrappers.takeSnap(GenericWrappers.java:787)
	at utils.Reporter.reportStep(Reporter.java:23)
	at utils.Reporter.reportStep(Reporter.java:46)
	at wrappers.GenericWrappers.takeSnap(GenericWrappers.java:787)
	at utils.Reporter.reportStep(Reporter.java:23)
	at utils.Reporter.reportStep(Reporter.java:46)
	at wrappers.GenericWrappers.takeSnap(GenericWrappers.java:787)
	at utils.Reporter.reportStep(Reporter.java:23)
	at utils.Reporter.reportStep(Reporter.java:46)
	at wrappers.GenericWrappers.takeSnap(GenericWrappers.java:787)
	at utils.Reporter.reportStep(Reporter.java:23)
	at utils.Reporter.reportStep(Reporter.java:46)
	at wrappers.GenericWrappers.takeSnap(GenericWrappers.java:787)
	at utils.Reporter.reportStep(Reporter.java:23)
	at utils.Reporter.reportStep(Reporter.java:46)
	at wrappers.GenericWrappers.takeSnap(GenericWrappers.java:787)
	at utils.Reporter.reportStep(Reporter.java:23)
	at utils.Reporter.reportStep(Reporter.java:46)
	at wrappers.GenericWrappers.takeSnap(GenericWrappers.java:787)
	at utils.Reporter.reportStep(Reporter.java:23)
	at utils.Reporter.reportStep(Reporter.java:46)
	at wrappers.GenericWrappers.takeSnap(GenericWrappers.java:787)
	at utils.Reporter.reportStep(Reporter.java:23)
	at utils.Reporter.reportStep(Reporter.java:46)
	at wrappers.GenericWrappers.takeSnap(GenericWrappers.java:787)
	at utils.Reporter.reportStep(Reporter.java:23)
	at utils.Reporter.reportStep(Reporter.java:46)
	at wrappers.GenericWrappers.takeSnap(GenericWrappers.java:787)
	at utils.Reporter.reportStep(Reporter.java:23)
	at utils.Reporter.reportStep(Reporter.java:46)
	at wrappers.GenericWrappers.takeSnap(GenericWrappers.java:787)
	at utils.Reporter.reportStep(Reporter.java:23)
	at utils.Reporter.reportStep(Reporter.java:46)
	at wrappers.GenericWrappers.takeSnap(GenericWrappers.java:787)
	at utils.Reporter.reportStep(Reporter.java:23)
	at utils.Reporter.reportStep(Reporter.java:46)
	at wrappers.GenericWrappers.takeSnap(GenericWrappers.java:787)
	at utils.Reporter.reportStep(Reporter.java:23)
	at utils.Reporter.reportStep(Reporter.java:46)
	at wrappers.GenericWrappers.takeSnap(GenericWrappers.java:787)
	at utils.Reporter.reportStep(Reporter.java:23)
	at utils.Reporter.reportStep(Reporter.java:46)
	at wrappers.GenericWrappers.takeSnap(GenericWrappers.java:787)
	at utils.Reporter.reportStep(Reporter.java:23)
	at utils.Reporter.reportStep(Reporter.java:46)
	at wrappers.GenericWrappers.takeSnap(GenericWrappers.java:787)
	at utils.Reporter.reportStep(Reporter.java:23)
	at utils.Reporter.reportStep(Reporter.java:46)
	at wrappers.GenericWrappers.takeSnap(GenericWrappers.java:787)
	at utils.Reporter.reportStep(Reporter.java:23)
	at utils.Reporter.reportStep(Reporter.java:46)
	at wrappers.GenericWrappers.takeSnap(GenericWrappers.java:787)
	at utils.Reporter.reportStep(Reporter.java:23)
	at utils.Reporter.reportStep(Reporter.java:46)
	at wrappers.GenericWrappers.takeSnap(GenericWrappers.java:787)
	at utils.Reporter.reportStep(Reporter.java:23)
	at utils.Reporter.reportStep(Reporter.java:46)
	at wrappers.GenericWrappers.takeSnap(GenericWrappers.java:787)
	at utils.Reporter.reportStep(Reporter.java:23)
	at utils.Reporter.reportStep(Reporter.java:46)
	at wrappers.GenericWrappers.takeSnap(GenericWrappers.java:787)
	at utils.Reporter.reportStep(Reporter.java:23)
	at utils.Reporter.reportStep(Reporter.java:46)
	at wrappers.GenericWrappers.takeSnap(GenericWrappers.java:787)
	at utils.Reporter.reportStep(Reporter.java:23)
	at utils.Reporter.reportStep(Reporter.java:46)
	at wrappers.GenericWrappers.takeSnap(GenericWrappers.java:787)
	at utils.Reporter.reportStep(Reporter.java:23)
	at utils.Reporter.reportStep(Reporter.java:46)
	at wrappers.GenericWrappers.takeSnap(GenericWrappers.java:787)
	at utils.Reporter.reportStep(Reporter.java:23)
	at utils.Reporter.reportStep(Reporter.java:46)
	at wrappers.GenericWrappers.takeSnap(GenericWrappers.java:787)
	at utils.Reporter.reportStep(Reporter.java:23)
	at utils.Reporter.reportStep(Reporter.java:46)
	at wrappers.GenericWrappers.takeSnap(GenericWrappers.java:787)
	at utils.Reporter.reportStep(Reporter.java:23)
	at utils.Reporter.reportStep(Reporter.java:46)
	at wrappers.GenericWrappers.takeSnap(GenericWrappers.java:787)
	at utils.Reporter.reportStep(Reporter.java:23)
	at utils.Reporter.reportStep(Reporter.java:46)
	at wrappers.GenericWrappers.takeSnap(GenericWrappers.java:787)
	at utils.Reporter.reportStep(Reporter.java:23)
	at utils.Reporter.reportStep(Reporter.java:46)
	at wrappers.GenericWrappers.takeSnap(GenericWrappers.java:787)
	at utils.Reporter.reportStep(Reporter.java:23)
	at utils.Reporter.reportStep(Reporter.java:46)
	at wrappers.GenericWrappers.takeSnap(GenericWrappers.java:787)
	at utils.Reporter.reportStep(Reporter.java:23)
	at utils.Reporter.reportStep(Reporter.java:46)
	at wrappers.GenericWrappers.takeSnap(GenericWrappers.java:787)
	at utils.Reporter.reportStep(Reporter.java:23)
	at utils.Reporter.reportStep(Reporter.java:46)
	at wrappers.GenericWrappers.takeSnap(GenericWrappers.java:787)
	at utils.Reporter.reportStep(Reporter.java:23)
	at utils.Reporter.reportStep(Reporter.java:46)
	at wrappers.GenericWrappers.takeSnap(GenericWrappers.java:787)
	at utils.Reporter.reportStep(Reporter.java:23)
	at utils.Reporter.reportStep(Reporter.java:46)
	at wrappers.GenericWrappers.takeSnap(GenericWrappers.java:787)
	at utils.Reporter.reportStep(Reporter.java:23)
	at utils.Reporter.reportStep(Reporter.java:46)
	at wrappers.GenericWrappers.takeSnap(GenericWrappers.java:787)
	at utils.Reporter.reportStep(Reporter.java:23)
	at utils.Reporter.reportStep(Reporter.java:46)
	at wrappers.GenericWrappers.takeSnap(GenericWrappers.java:787)
	at utils.Reporter.reportStep(Reporter.java:23)
	at utils.Reporter.reportStep(Reporter.java:46)
	at wrappers.GenericWrappers.takeSnap(GenericWrappers.java:787)
	at utils.Reporter.reportStep(Reporter.java:23)
	at utils.Reporter.reportStep(Reporter.java:46)
	at wrappers.GenericWrappers.takeSnap(GenericWrappers.java:787)
	at utils.Reporter.reportStep(Reporter.java:23)
	at utils.Reporter.reportStep(Reporter.java:46)
	at wrappers.GenericWrappers.takeSnap(GenericWrappers.java:787)
	at utils.Reporter.reportStep(Reporter.java:23)
	at utils.Reporter.reportStep(Reporter.java:46)
	at wrappers.GenericWrappers.takeSnap(GenericWrappers.java:787)
	at utils.Reporter.reportStep(Reporter.java:23)
	at utils.Reporter.reportStep(Reporter.java:46)
	at wrappers.GenericWrappers.takeSnap(GenericWrappers.java:787)
	at utils.Reporter.reportStep(Reporter.java:23)
	at utils.Reporter.reportStep(Reporter.java:46)
	at wrappers.GenericWrappers.takeSnap(GenericWrappers.java:787)
	at utils.Reporter.reportStep(Reporter.java:23)
	at utils.Reporter.reportStep(Reporter.java:46)
	at wrappers.GenericWrappers.takeSnap(GenericWrappers.java:787)
	at utils.Reporter.reportStep(Reporter.java:23)
	at utils.Reporter.reportStep(Reporter.java:46)
	at wrappers.GenericWrappers.takeSnap(GenericWrappers.java:787)
	at utils.Reporter.reportStep(Reporter.java:23)
	at utils.Reporter.reportStep(Reporter.java:46)
	at wrappers.GenericWrappers.takeSnap(GenericWrappers.java:787)
	at utils.Reporter.reportStep(Reporter.java:23)
	at utils.Reporter.reportStep(Reporter.java:46)
	at wrappers.GenericWrappers.takeSnap(GenericWrappers.java:787)
	at utils.Reporter.reportStep(Reporter.java:23)
	at utils.Reporter.reportStep(Reporter.java:46)
	at wrappers.GenericWrappers.takeSnap(GenericWrappers.java:787)
	at utils.Reporter.reportStep(Reporter.java:23)
	at utils.Reporter.reportStep(Reporter.java:46)
	at wrappers.GenericWrappers.takeSnap(GenericWrappers.java:787)
	at utils.Reporter.reportStep(Reporter.java:23)
	at utils.Reporter.reportStep(Reporter.java:46)
	at wrappers.GenericWrappers.takeSnap(GenericWrappers.java:787)
	at utils.Reporter.reportStep(Reporter.java:23)
	at utils.Reporter.reportStep(Reporter.java:46)
	at wrappers.GenericWrappers.takeSnap(GenericWrappers.java:787)
	at utils.Reporter.reportStep(Reporter.java:23)
	at utils.Reporter.reportStep(Reporter.java:46)
	at wrappers.GenericWrappers.takeSnap(GenericWrappers.java:787)
	at utils.Reporter.reportStep(Reporter.java:23)
	at utils.Reporter.reportStep(Reporter.java:46)
	at wrappers.GenericWrappers.takeSnap(GenericWrappers.java:787)
	at utils.Reporter.reportStep(Reporter.java:23)
	at utils.Reporter.reportStep(Reporter.java:46)
	at wrappers.GenericWrappers.takeSnap(GenericWrappers.java:787)
	at utils.Reporter.reportStep(Reporter.java:23)
	at utils.Reporter.reportStep(Reporter.java:46)
	at wrappers.GenericWrappers.takeSnap(GenericWrappers.java:787)
	at utils.Reporter.reportStep(Reporter.java:23)
	at utils.Reporter.reportStep(Reporter.java:46)
	at wrappers.GenericWrappers.takeSnap(GenericWrappers.java:787)
	at utils.Reporter.reportStep(Reporter.java:23)
	at utils.Reporter.reportStep(Reporter.java:46)
	at wrappers.GenericWrappers.takeSnap(GenericWrappers.java:787)
	at utils.Reporter.reportStep(Reporter.java:23)
	at utils.Reporter.reportStep(Reporter.java:46)
	at wrappers.GenericWrappers.takeSnap(GenericWrappers.java:787)
	at utils.Reporter.reportStep(Reporter.java:23)
	at utils.Reporter.reportStep(Reporter.java:46)
	at wrappers.GenericWrappers.takeSnap(GenericWrappers.java:787)
	at utils.Reporter.reportStep(Reporter.java:23)
	at utils.Reporter.reportStep(Reporter.java:46)
	at wrappers.GenericWrappers.takeSnap(GenericWrappers.java:787)
	at utils.Reporter.reportStep(Reporter.java:23)
	at utils.Reporter.reportStep(Reporter.java:46)
	at wrappers.GenericWrappers.takeSnap(GenericWrappers.java:787)
	at utils.Reporter.reportStep(Reporter.java:23)
	at utils.Reporter.reportStep(Reporter.java:46)
	at wrappers.GenericWrappers.takeSnap(GenericWrappers.java:787)
	at utils.Reporter.reportStep(Reporter.java:23)
	at utils.Reporter.reportStep(Reporter.java:46)
	at wrappers.GenericWrappers.takeSnap(GenericWrappers.java:787)
	at utils.Reporter.reportStep(Reporter.java:23)
	at utils.Reporter.reportStep(Reporter.java:46)
	at wrappers.GenericWrappers.takeSnap(GenericWrappers.java:787)
	at utils.Reporter.reportStep(Reporter.java:23)
	at utils.Reporter.reportStep(Reporter.java:46)
	at wrappers.GenericWrappers.takeSnap(GenericWrappers.java:787)
	at utils.Reporter.reportStep(Reporter.java:23)
	at utils.Reporter.reportStep(Reporter.java:46)
	at wrappers.GenericWrappers.takeSnap(GenericWrappers.java:787)
	at utils.Reporter.reportStep(Reporter.java:23)
	at utils.Reporter.reportStep(Reporter.java:46)
	at wrappers.GenericWrappers.takeSnap(GenericWrappers.java:787)
	at utils.Reporter.reportStep(Reporter.java:23)
	at utils.Reporter.reportStep(Reporter.java:46)
	at wrappers.GenericWrappers.takeSnap(GenericWrappers.java:787)
	at utils.Reporter.reportStep(Reporter.java:23)
	at utils.Reporter.reportStep(Reporter.java:46)
	at wrappers.GenericWrappers.takeSnap(GenericWrappers.java:787)
	at utils.Reporter.reportStep(Reporter.java:23)
	at utils.Reporter.reportStep(Reporter.java:46)
	at wrappers.GenericWrappers.takeSnap(GenericWrappers.java:787)
	at utils.Reporter.reportStep(Reporter.java:23)
	at utils.Reporter.reportStep(Reporter.java:46)
	at wrappers.GenericWrappers.takeSnap(GenericWrappers.java:787)
	at utils.Reporter.reportStep(Reporter.java:23)
	at utils.Reporter.reportStep(Reporter.java:46)
	at wrappers.GenericWrappers.takeSnap(GenericWrappers.java:787)
	at utils.Reporter.reportStep(Reporter.java:23)
	at utils.Reporter.reportStep(Reporter.java:46)
	at wrappers.GenericWrappers.takeSnap(GenericWrappers.java:787)
	at utils.Reporter.reportStep(Reporter.java:23)
	at utils.Reporter.reportStep(Reporter.java:46)
	at wrappers.GenericWrappers.takeSnap(GenericWrappers.java:787)
	at utils.Reporter.reportStep(Reporter.java:23)
	at utils.Reporter.reportStep(Reporter.java:46)
	at wrappers.GenericWrappers.takeSnap(GenericWrappers.java:787)
	at utils.Reporter.reportStep(Reporter.java:23)
	at utils.Reporter.reportStep(Reporter.java:46)
	at wrappers.GenericWrappers.takeSnap(GenericWrappers.java:787)
	at utils.Reporter.reportStep(Reporter.java:23)
	at utils.Reporter.reportStep(Reporter.java:46)
	at wrappers.GenericWrappers.takeSnap(GenericWrappers.java:787)
	at utils.Reporter.reportStep(Reporter.java:23)
	at utils.Reporter.reportStep(Reporter.java:46)
	at wrappers.GenericWrappers.takeSnap(GenericWrappers.java:787)
	at utils.Reporter.reportStep(Reporter.java:23)
	at utils.Reporter.reportStep(Reporter.java:46)
	at wrappers.GenericWrappers.takeSnap(GenericWrappers.java:787)
	at utils.Reporter.reportStep(Reporter.java:23)
	at utils.Reporter.reportStep(Reporter.java:46)
	at wrappers.GenericWrappers.takeSnap(GenericWrappers.java:787)
	at utils.Reporter.reportStep(Reporter.java:23)
	at utils.Reporter.reportStep(Reporter.java:46)
	at wrappers.GenericWrappers.takeSnap(GenericWrappers.java:787)
	at utils.Reporter.reportStep(Reporter.java:23)
	at utils.Reporter.reportStep(Reporter.java:46)
	at wrappers.GenericWrappers.takeSnap(GenericWrappers.java:787)
	at utils.Reporter.reportStep(Reporter.java:23)
	at utils.Reporter.reportStep(Reporter.java:46)
	at wrappers.GenericWrappers.takeSnap(GenericWrappers.java:787)
	at utils.Reporter.reportStep(Reporter.java:23)
	at utils.Reporter.reportStep(Reporter.java:46)
	at wrappers.GenericWrappers.takeSnap(GenericWrappers.java:787)
	at utils.Reporter.reportStep(Reporter.java:23)
	at utils.Reporter.reportStep(Reporter.java:46)
	at wrappers.GenericWrappers.takeSnap(GenericWrappers.java:787)
	at utils.Reporter.reportStep(Reporter.java:23)
	at utils.Reporter.reportStep(Reporter.java:46)
	at wrappers.GenericWrappers.takeSnap(GenericWrappers.java:787)
	at utils.Reporter.reportStep(Reporter.java:23)
	at utils.Reporter.reportStep(Reporter.java:46)
	at wrappers.GenericWrappers.takeSnap(GenericWrappers.java:787)
	at utils.Reporter.reportStep(Reporter.java:23)
	at utils.Reporter.reportStep(Reporter.java:46)
	at wrappers.GenericWrappers.takeSnap(GenericWrappers.java:787)
	at utils.Reporter.reportStep(Reporter.java:23)
	at utils.Reporter.reportStep(Reporter.java:46)
	at wrappers.GenericWrappers.takeSnap(GenericWrappers.java:787)
	at utils.Reporter.reportStep(Reporter.java:23)
	at utils.Reporter.reportStep(Reporter.java:46)
	at wrappers.GenericWrappers.takeSnap(GenericWrappers.java:787)
	at utils.Reporter.reportStep(Reporter.java:23)
	at utils.Reporter.reportStep(Reporter.java:46)
	at wrappers.GenericWrappers.takeSnap(GenericWrappers.java:787)
	at utils.Reporter.reportStep(Reporter.java:23)
	at utils.Reporter.reportStep(Reporter.java:46)
	at wrappers.GenericWrappers.takeSnap(GenericWrappers.java:787)
	at utils.Reporter.reportStep(Reporter.java:23)
	at utils.Reporter.reportStep(Reporter.java:46)
	at wrappers.GenericWrappers.takeSnap(GenericWrappers.java:787)
	at utils.Reporter.reportStep(Reporter.java:23)
	at utils.Reporter.reportStep(Reporter.java:46)
	at wrappers.GenericWrappers.takeSnap(GenericWrappers.java:787)
	at utils.Reporter.reportStep(Reporter.java:23)
	at utils.Reporter.reportStep(Reporter.java:46)
	at wrappers.GenericWrappers.takeSnap(GenericWrappers.java:787)
	at utils.Reporter.reportStep(Reporter.java:23)
	at utils.Reporter.reportStep(Reporter.java:46)
	at wrappers.GenericWrappers.takeSnap(GenericWrappers.java:787)
	at utils.Reporter.reportStep(Reporter.java:23)
	at utils.Reporter.reportStep(Reporter.java:46)
	at wrappers.GenericWrappers.takeSnap(GenericWrappers.java:787)
	at utils.Reporter.reportStep(Reporter.java:23)
	at utils.Reporter.reportStep(Reporter.java:46)
	at wrappers.GenericWrappers.takeSnap(GenericWrappers.java:787)
	at utils.Reporter.reportStep(Reporter.java:23)
	at utils.Reporter.reportStep(Reporter.java:46)
	at wrappers.GenericWrappers.takeSnap(GenericWrappers.java:787)
	at utils.Reporter.reportStep(Reporter.java:23)
	at utils.Reporter.reportStep(Reporter.java:46)
	at wrappers.GenericWrappers.takeSnap(GenericWrappers.java:787)
	at utils.Reporter.reportStep(Reporter.java:23)
	at utils.Reporter.reportStep(Reporter.java:46)
	at wrappers.GenericWrappers.takeSnap(GenericWrappers.java:787)
	at utils.Reporter.reportStep(Reporter.java:23)
	at utils.Reporter.reportStep(Reporter.java:46)
	at wrappers.GenericWrappers.takeSnap(GenericWrappers.java:787)
	at utils.Reporter.reportStep(Reporter.java:23)
	at utils.Reporter.reportStep(Reporter.java:46)
	at wrappers.GenericWrappers.takeSnap(GenericWrappers.java:787)
	at utils.Reporter.reportStep(Reporter.java:23)
	at utils.Reporter.reportStep(Reporter.java:46)
	at wrappers.GenericWrappers.takeSnap(GenericWrappers.java:787)
	at utils.Reporter.reportStep(Reporter.java:23)
	at utils.Reporter.reportStep(Reporter.java:46)
	at wrappers.GenericWrappers.takeSnap(GenericWrappers.java:787)
	at utils.Reporter.reportStep(Reporter.java:23)
	at utils.Reporter.reportStep(Reporter.java:46)
	at wrappers.GenericWrappers.takeSnap(GenericWrappers.java:787)
	at utils.Reporter.reportStep(Reporter.java:23)
	at utils.Reporter.reportStep(Reporter.java:46)
	at wrappers.GenericWrappers.takeSnap(GenericWrappers.java:787)
	at utils.Reporter.reportStep(Reporter.java:23)
	at utils.Reporter.reportStep(Reporter.java:46)
	at wrappers.GenericWrappers.takeSnap(GenericWrappers.java:787)
	at utils.Reporter.reportStep(Reporter.java:23)
	at utils.Reporter.reportStep(Reporter.java:46)
	at wrappers.GenericWrappers.takeSnap(GenericWrappers.java:787)
	at utils.Reporter.reportStep(Reporter.java:23)
	at utils.Reporter.reportStep(Reporter.java:46)
	at wrappers.GenericWrappers.takeSnap(GenericWrappers.java:787)
	at utils.Reporter.reportStep(Reporter.java:23)
	at utils.Reporter.reportStep(Reporter.java:46)
	at wrappers.GenericWrappers.takeSnap(GenericWrappers.java:787)
	at utils.Reporter.reportStep(Reporter.java:23)
	at utils.Reporter.reportStep(Reporter.java:46)
	at wrappers.GenericWrappers.takeSnap(GenericWrappers.java:787)
	at utils.Reporter.reportStep(Reporter.java:23)
	at utils.Reporter.reportStep(Reporter.java:46)
	at wrappers.GenericWrappers.takeSnap(GenericWrappers.java:787)
	at utils.Reporter.reportStep(Reporter.java:23)
	at utils.Reporter.reportStep(Reporter.java:46)
	at wrappers.GenericWrappers.takeSnap(GenericWrappers.java:787)
	at utils.Reporter.reportStep(Reporter.java:23)
	at utils.Reporter.reportStep(Reporter.java:46)
	at wrappers.GenericWrappers.takeSnap(GenericWrappers.java:787)
	at utils.Reporter.reportStep(Reporter.java:23)
	at utils.Reporter.reportStep(Reporter.java:46)
	at wrappers.GenericWrappers.takeSnap(GenericWrappers.java:787)
	at utils.Reporter.reportStep(Reporter.java:23)
	at utils.Reporter.reportStep(Reporter.java:46)
	at wrappers.GenericWrappers.takeSnap(GenericWrappers.java:787)
	at utils.Reporter.reportStep(Reporter.java:23)
	at utils.Reporter.reportStep(Reporter.java:46)
	at wrappers.GenericWrappers.takeSnap(GenericWrappers.java:787)
	at utils.Reporter.reportStep(Reporter.java:23)
	at utils.Reporter.reportStep(Reporter.java:46)
	at wrappers.GenericWrappers.takeSnap(GenericWrappers.java:787)
	at utils.Reporter.reportStep(Reporter.java:23)
	at utils.Reporter.reportStep(Reporter.java:46)
	at wrappers.GenericWrappers.takeSnap(GenericWrappers.java:787)
	at utils.Reporter.reportStep(Reporter.java:23)
	at utils.Reporter.reportStep(Reporter.java:46)
	at wrappers.GenericWrappers.takeSnap(GenericWrappers.java:787)
	at utils.Reporter.reportStep(Reporter.java:23)
	at utils.Reporter.reportStep(Reporter.java:46)
	at wrappers.GenericWrappers.takeSnap(GenericWrappers.java:787)
	at utils.Reporter.reportStep(Reporter.java:23)
	at utils.Reporter.reportStep(Reporter.java:46)
	at wrappers.GenericWrappers.takeSnap(GenericWrappers.java:787)
	at utils.Reporter.reportStep(Reporter.java:23)
	at utils.Reporter.reportStep(Reporter.java:46)
	at wrappers.GenericWrappers.takeSnap(GenericWrappers.java:787)
	at utils.Reporter.reportStep(Reporter.java:23)
	at utils.Reporter.reportStep(Reporter.java:46)
	at wrappers.GenericWrappers.takeSnap(GenericWrappers.java:787)
	at utils.Reporter.reportStep(Reporter.java:23)
	at utils.Reporter.reportStep(Reporter.java:46)
	at wrappers.GenericWrappers.takeSnap(GenericWrappers.java:787)
	at utils.Reporter.reportStep(Reporter.java:23)
	at utils.Reporter.reportStep(Reporter.java:46)
	at wrappers.GenericWrappers.takeSnap(GenericWrappers.java:787)
	at utils.Reporter.reportStep(Reporter.java:23)
	at utils.Reporter.reportStep(Reporter.java:46)
	at wrappers.GenericWrappers.takeSnap(GenericWrappers.java:787)
	at utils.Reporter.reportStep(Reporter.java:23)
	at utils.Reporter.reportStep(Reporter.java:46)
	at wrappers.GenericWrappers.takeSnap(GenericWrappers.java:787)
	at utils.Reporter.reportStep(Reporter.java:23)
	at utils.Reporter.reportStep(Reporter.java:46)
	at wrappers.GenericWrappers.takeSnap(GenericWrappers.java:787)
	at utils.Reporter.reportStep(Reporter.java:23)
	at utils.Reporter.reportStep(Reporter.java:46)
	at wrappers.GenericWrappers.takeSnap(GenericWrappers.java:787)
	at utils.Reporter.reportStep(Reporter.java:23)
	at utils.Reporter.reportStep(Reporter.java:46)
	at wrappers.GenericWrappers.takeSnap(GenericWrappers.java:787)
	at utils.Reporter.reportStep(Reporter.java:23)
	at utils.Reporter.reportStep(Reporter.java:46)
	at wrappers.GenericWrappers.takeSnap(GenericWrappers.java:787)
	at utils.Reporter.reportStep(Reporter.java:23)
	at utils.Reporter.reportStep(Reporter.java:46)
	at wrappers.GenericWrappers.takeSnap(GenericWrappers.java:787)
	at utils.Reporter.reportStep(Reporter.java:23)
	at utils.Reporter.reportStep(Reporter.java:46)
	at wrappers.GenericWrappers.takeSnap(GenericWrappers.java:787)
	at utils.Reporter.reportStep(Reporter.java:23)
	at utils.Reporter.reportStep(Reporter.java:46)
	at wrappers.GenericWrappers.takeSnap(GenericWrappers.java:787)
	at utils.Reporter.reportStep(Reporter.java:23)
	at utils.Reporter.reportStep(Reporter.java:46)
	at wrappers.GenericWrappers.takeSnap(GenericWrappers.java:787)
	at utils.Reporter.reportStep(Reporter.java:23)
	at utils.Reporter.reportStep(Reporter.java:46)
	at wrappers.GenericWrappers.takeSnap(GenericWrappers.java:787)
	at utils.Reporter.reportStep(Reporter.java:23)
	at utils.Reporter.reportStep(Reporter.java:46)
	at wrappers.GenericWrappers.takeSnap(GenericWrappers.java:787)
	at utils.Reporter.reportStep(Reporter.java:23)
	at utils.Reporter.reportStep(Reporter.java:46)
	at wrappers.GenericWrappers.takeSnap(GenericWrappers.java:787)
	at utils.Reporter.reportStep(Reporter.java:23)
	at utils.Reporter.reportStep(Reporter.java:46)
	at wrappers.GenericWrappers.takeSnap(GenericWrappers.java:787)
	at utils.Reporter.reportStep(Reporter.java:23)
	at utils.Reporter.reportStep(Reporter.java:46)
	at wrappers.GenericWrappers.takeSnap(GenericWrappers.java:787)
	at utils.Reporter.reportStep(Reporter.java:23)
	at utils.Reporter.reportStep(Reporter.java:46)
	at wrappers.GenericWrappers.takeSnap(GenericWrappers.java:787)
	at utils.Reporter.reportStep(Reporter.java:23)
	at utils.Reporter.reportStep(Reporter.java:46)
	at wrappers.GenericWrappers.takeSnap(GenericWrappers.java:787)
	at utils.Reporter.reportStep(Reporter.java:23)
	at utils.Reporter.reportStep(Reporter.java:46)
	at wrappers.GenericWrappers.takeSnap(GenericWrappers.java:787)
	at utils.Reporter.reportStep(Reporter.java:23)
	at utils.Reporter.reportStep(Reporter.java:46)
	at wrappers.GenericWrappers.takeSnap(GenericWrappers.java:787)
	at utils.Reporter.reportStep(Reporter.java:23)
	at utils.Reporter.reportStep(Reporter.java:46)
	at wrappers.GenericWrappers.takeSnap(GenericWrappers.java:787)
	at utils.Reporter.reportStep(Reporter.java:23)
	at utils.Reporter.reportStep(Reporter.java:46)
	at wrappers.GenericWrappers.takeSnap(GenericWrappers.java:787)
	at utils.Reporter.reportStep(Reporter.java:23)
	at utils.Reporter.reportStep(Reporter.java:46)
	at wrappers.GenericWrappers.takeSnap(GenericWrappers.java:787)
	at utils.Reporter.reportStep(Reporter.java:23)
	at utils.Reporter.reportStep(Reporter.java:46)
	at wrappers.GenericWrappers.takeSnap(GenericWrappers.java:787)
	at utils.Reporter.reportStep(Reporter.java:23)
	at utils.Reporter.reportStep(Reporter.java:46)
	at wrappers.GenericWrappers.takeSnap(GenericWrappers.java:787)
	at utils.Reporter.reportStep(Reporter.java:23)
	at utils.Reporter.reportStep(Reporter.java:46)
	at wrappers.GenericWrappers.takeSnap(GenericWrappers.java:787)
	at utils.Reporter.reportStep(Reporter.java:23)
	at utils.Reporter.reportStep(Reporter.java:46)
	at wrappers.GenericWrappers.takeSnap(GenericWrappers.java:787)
	at utils.Reporter.reportStep(Reporter.java:23)
	at utils.Reporter.reportStep(Reporter.java:46)
	at wrappers.GenericWrappers.takeSnap(GenericWrappers.java:787)
	at utils.Reporter.reportStep(Reporter.java:23)
	at utils.Reporter.reportStep(Reporter.java:46)
	at wrappers.GenericWrappers.takeSnap(GenericWrappers.java:787)
	at utils.Reporter.reportStep(Reporter.java:23)
	at utils.Reporter.reportStep(Reporter.java:46)
	at wrappers.GenericWrappers.takeSnap(GenericWrappers.java:787)
	at utils.Reporter.reportStep(Reporter.java:23)
	at utils.Reporter.reportStep(Reporter.java:46)
	at wrappers.GenericWrappers.takeSnap(GenericWrappers.java:787)
	at utils.Reporter.reportStep(Reporter.java:23)
	at utils.Reporter.reportStep(Reporter.java:46)
	at wrappers.GenericWrappers.takeSnap(GenericWrappers.java:787)
	at utils.Reporter.reportStep(Reporter.java:23)
	at utils.Reporter.reportStep(Reporter.java:46)
	at wrappers.GenericWrappers.takeSnap(GenericWrappers.java:787)
	at utils.Reporter.reportStep(Reporter.java:23)
	at utils.Reporter.reportStep(Reporter.java:46)
	at wrappers.GenericWrappers.takeSnap(GenericWrappers.java:787)
	at utils.Reporter.reportStep(Reporter.java:23)
	at utils.Reporter.reportStep(Reporter.java:46)
	at wrappers.GenericWrappers.takeSnap(GenericWrappers.java:787)
	at utils.Reporter.reportStep(Reporter.java:23)
	at utils.Reporter.reportStep(Reporter.java:46)
	at wrappers.GenericWrappers.takeSnap(GenericWrappers.java:787)
	at utils.Reporter.reportStep(Reporter.java:23)
	at utils.Reporter.reportStep(Reporter.java:46)
	at wrappers.GenericWrappers.takeSnap(GenericWrappers.java:787)
	at utils.Reporter.reportStep(Reporter.java:23)
	at utils.Reporter.reportStep(Reporter.java:46)
	at wrappers.GenericWrappers.takeSnap(GenericWrappers.java:787)
	at utils.Reporter.reportStep(Reporter.java:23)
	at utils.Reporter.reportStep(Reporter.java:46)
	at wrappers.GenericWrappers.takeSnap(GenericWrappers.java:787)
	at utils.Reporter.reportStep(Reporter.java:23)
	at utils.Reporter.reportStep(Reporter.java:46)
	at wrappers.GenericWrappers.takeSnap(GenericWrappers.java:787)
	at utils.Reporter.reportStep(Reporter.java:23)
	at utils.Reporter.reportStep(Reporter.java:46)
	at wrappers.GenericWrappers.takeSnap(GenericWrappers.java:787)
	at utils.Reporter.reportStep(Reporter.java:23)
	at utils.Reporter.reportStep(Reporter.java:46)
	at wrappers.GenericWrappers.takeSnap(GenericWrappers.java:787)
	at utils.Reporter.reportStep(Reporter.java:23)
	at utils.Reporter.reportStep(Reporter.java:46)
	at wrappers.GenericWrappers.takeSnap(GenericWrappers.java:787)
	at utils.Reporter.reportStep(Reporter.java:23)
	at utils.Reporter.reportStep(Reporter.java:46)
]]>
    </failure>
  </testcase> <!-- geoFenceAlert -->
</testsuite> <!-- testcases.TC011_MyCarZone -->
