<?xml version="1.0" encoding="UTF-8"?>
<!-- Generated by org.testng.reporters.JUnitReportReporter -->
<testsuite hostname="H0114864H96635" failures="0" tests="1" name="testcases.TC003_1_ForgotPassword_5440917" time="9.149" errors="0" timestamp="17 Mar 2023 23:18:35 GMT">
  <testcase classname="testcases.TC003_1_ForgotPassword_5440917" name="forgotPassword" time="9.149"/>
</testsuite> <!-- testcases.TC003_1_ForgotPassword_5440917 -->
