<?xml version="1.0" encoding="UTF-8"?>
<!-- Generated by org.testng.reporters.JUnitReportReporter -->
<testsuite hostname="ICT-2003278-AQA" name="testcases.TC009_Locations" tests="3" failures="0" timestamp="7 Apr 2023 10:49:12 GMT" time="154.207" errors="0">
  <testcase name="LocationsVehicleCurrentLocation" time="45.334" classname="testcases.TC009_Locations"/>
  <testcase name="LocationsSavePOI" time="54.118" classname="testcases.TC009_Locations"/>
  <testcase name="LocationsDeletePOI" time="54.755" classname="testcases.TC009_Locations"/>
</testsuite> <!-- testcases.TC009_Locations -->
