<?xml version="1.0" encoding="UTF-8"?>
<!-- Generated by org.testng.reporters.JUnitReportReporter -->
<testsuite hostname="H0114864H96635" failures="0" tests="1" name="testcases.TC005_7_Dashboard_5754566" time="18.918" errors="0" timestamp="17 Mar 2023 23:18:35 GMT">
  <testcase classname="testcases.TC005_7_Dashboard_5754566" name="dashboard" time="18.918"/>
</testsuite> <!-- testcases.TC005_7_Dashboard_5754566 -->
