<?xml version="1.0" encoding="UTF-8"?>
<!-- Generated by org.testng.reporters.JUnitReportReporter -->
<testsuite hostname="ICT-2003278-AQA" name="testcases.TC005_4_Dashboard_5754484" tests="1" failures="0" timestamp="16 Mar 2023 10:49:09 GMT" time="30.360" errors="0">
  <testcase name="dashboard" time="30.360" classname="testcases.TC005_4_Dashboard_5754484"/>
</testsuite> <!-- testcases.TC005_4_Dashboard_5754484 -->
