<?xml version="1.0" encoding="UTF-8"?>
<!-- Generated by org.testng.reporters.JUnitReportReporter -->
<testsuite hostname="ICT-2003278-AQA" name="testcases.TC004_MyVehicles" tests="2" failures="0" timestamp="7 Apr 2023 10:49:12 GMT" time="55.656" errors="0">
  <testcase name="myVehiclesPickTheVehicle" time="31.276" classname="testcases.TC004_MyVehicles"/>
  <testcase name="myVehiclesClickAddvehicle" time="24.380" classname="testcases.TC004_MyVehicles"/>
</testsuite> <!-- testcases.TC004_MyVehicles -->
