<?xml version="1.0" encoding="UTF-8"?>
<!-- Generated by org.testng.reporters.JUnitReportReporter -->
<testsuite hostname="ICT-2003278-AQA" name="testcases.TC006_VehicleStatus" tests="1" failures="0" timestamp="7 Apr 2023 10:49:12 GMT" time="36.050" errors="0">
  <testcase name="VehicleStatusVerifyTheVehicleName" time="36.050" classname="testcases.TC006_VehicleStatus"/>
</testsuite> <!-- testcases.TC006_VehicleStatus -->
