<?xml version="1.0" encoding="UTF-8"?>
<!-- Generated by org.testng.reporters.JUnitReportReporter -->
<testsuite hostname="ICT-2003278-AQA" name="testcases.TC002_1_Login_5440907" tests="1" failures="0" timestamp="27 Mar 2023 05:31:34 GMT" time="14.856" errors="0">
  <testcase name="login" time="14.856" classname="testcases.TC002_1_Login_5440907"/>
</testsuite> <!-- testcases.TC002_1_Login_5440907 -->
