<?xml version="1.0" encoding="UTF-8"?>
<!-- Generated by org.testng.reporters.JUnitReportReporter -->
<testsuite hostname="H0114864H96635" failures="0" tests="1" name="testcases.TC004_2_MyVehicles_5441109" time="12.910" errors="0" timestamp="17 Mar 2023 23:18:35 GMT">
  <testcase classname="testcases.TC004_2_MyVehicles_5441109" name="myVehicles" time="12.910"/>
</testsuite> <!-- testcases.TC004_2_MyVehicles_5441109 -->
