<?xml version="1.0" encoding="UTF-8"?>
<!-- Generated by org.testng.reporters.JUnitReportReporter -->
<testsuite hostname="H0114864H96635" failures="0" tests="1" name="testcases.TC005_1_Dashboard_5440934" time="31.691" errors="0" timestamp="17 Mar 2023 23:18:35 GMT">
  <testcase classname="testcases.TC005_1_Dashboard_5440934" name="dashboard" time="31.691"/>
</testsuite> <!-- testcases.TC005_1_Dashboard_5440934 -->
