<?xml version="1.0" encoding="UTF-8"?>
<!-- Generated by org.testng.reporters.JUnitReportReporter -->
<testsuite skipped="0" hostname="ICT-2003278-AQA" name="testcases.TC001_Login_Logout" tests="1" failures="0" timestamp="23 Feb 2023 11:25:48 GMT" time="24.974" errors="0">
  <testcase name="login" time="24.974" classname="testcases.TC001_Login_Logout"/>
</testsuite> <!-- testcases.TC001_Login_Logout -->
