<?xml version="1.0" encoding="UTF-8"?>
<!-- Generated by org.testng.reporters.JUnitReportReporter -->
<testsuite hostname="H0114864H96635" failures="0" tests="1" name="testcases.TC002_Login_Logout" time="15.398" errors="0" timestamp="17 Mar 2023 23:18:35 GMT">
  <testcase classname="testcases.TC002_Login_Logout" name="login" time="15.398"/>
</testsuite> <!-- testcases.TC002_Login_Logout -->
