<?xml version="1.0" encoding="UTF-8"?>
<!-- Generated by org.testng.reporters.JUnitReportReporter -->
<testsuite hostname="H0114864H96635" failures="0" tests="1" name="testcases.TC002_2_Login_5440908" time="12.331" errors="0" timestamp="17 Mar 2023 23:18:35 GMT">
  <testcase classname="testcases.TC002_2_Login_5440908" name="login" time="12.331"/>
</testsuite> <!-- testcases.TC002_2_Login_5440908 -->
